<?xml version="1.0" encoding="UTF-8"?><testrun name="TestPostToMainPage" project="TestingFramework for 570.kz" tests="1" started="1" failures="0" errors="1" ignored="0">
  <testsuite name="my.test.TestPostToMainPage" time="151.34">
    <testcase name="test" classname="my.test.TestPostToMainPage" time="151.341">
      <error>org.openqa.selenium.NoSuchWindowException: Window not found. The browser window may have been closed.
Command duration or timeout: 59 milliseconds
Build info: version: '2.37.0', revision: 'a7c61cb', time: '2013-10-18 17:15:02'
System info: host: 'Tester1', ip: '192.168.1.42', os.name: 'Windows 7', os.arch: 'amd64', os.version: '6.1', java.version: '1.7.0_21'
Session ID: 2b86f6af-84fd-4a21-af61-00cdb5d12056
Driver info: org.openqa.selenium.firefox.FirefoxDriver
Capabilities [{platform=XP, databaseEnabled=true, cssSelectorsEnabled=true, javascriptEnabled=true, acceptSslCerts=true, handlesAlerts=true, browserName=firefox, browserConnectionEnabled=true, nativeEvents=true, webStorageEnabled=true, rotatable=false, locationContextEnabled=true, applicationCacheEnabled=true, takesScreenshot=true, version=25.0.1}]&#13;
	at sun.reflect.NativeConstructorAccessorImpl.newInstance0(Native Method)&#13;
	at sun.reflect.NativeConstructorAccessorImpl.newInstance(Unknown Source)&#13;
	at sun.reflect.DelegatingConstructorAccessorImpl.newInstance(Unknown Source)&#13;
	at java.lang.reflect.Constructor.newInstance(Unknown Source)&#13;
	at org.openqa.selenium.remote.ErrorHandler.createThrowable(ErrorHandler.java:193)&#13;
	at org.openqa.selenium.remote.ErrorHandler.throwIfResponseFailed(ErrorHandler.java:145)&#13;
	at org.openqa.selenium.remote.RemoteWebDriver.execute(RemoteWebDriver.java:554)&#13;
	at org.openqa.selenium.firefox.FirefoxDriver.access$0(FirefoxDriver.java:1)&#13;
	at org.openqa.selenium.firefox.FirefoxDriver$1$1.implicitlyWait(FirefoxDriver.java:223)&#13;
	at my.pageObjects.LoginCommand.login(LoginCommand.java:31)&#13;
	at my.test.TestPostToMainPage.test(TestPostToMainPage.java:28)&#13;
	at sun.reflect.NativeMethodAccessorImpl.invoke0(Native Method)&#13;
	at sun.reflect.NativeMethodAccessorImpl.invoke(Unknown Source)&#13;
	at sun.reflect.DelegatingMethodAccessorImpl.invoke(Unknown Source)&#13;
	at java.lang.reflect.Method.invoke(Unknown Source)&#13;
	at org.junit.runners.model.FrameworkMethod$1.runReflectiveCall(FrameworkMethod.java:45)&#13;
	at org.junit.internal.runners.model.ReflectiveCallable.run(ReflectiveCallable.java:15)&#13;
	at org.junit.runners.model.FrameworkMethod.invokeExplosively(FrameworkMethod.java:42)&#13;
	at org.junit.internal.runners.statements.InvokeMethod.evaluate(InvokeMethod.java:20)&#13;
	at org.junit.internal.runners.statements.RunBefores.evaluate(RunBefores.java:28)&#13;
	at org.junit.internal.runners.statements.RunAfters.evaluate(RunAfters.java:30)&#13;
	at org.junit.runners.ParentRunner.runLeaf(ParentRunner.java:263)&#13;
	at org.junit.runners.BlockJUnit4ClassRunner.runChild(BlockJUnit4ClassRunner.java:68)&#13;
	at org.junit.runners.BlockJUnit4ClassRunner.runChild(BlockJUnit4ClassRunner.java:47)&#13;
	at org.junit.runners.ParentRunner$3.run(ParentRunner.java:231)&#13;
	at org.junit.runners.ParentRunner$1.schedule(ParentRunner.java:60)&#13;
	at org.junit.runners.ParentRunner.runChildren(ParentRunner.java:229)&#13;
	at org.junit.runners.ParentRunner.access$000(ParentRunner.java:50)&#13;
	at org.junit.runners.ParentRunner$2.evaluate(ParentRunner.java:222)&#13;
	at org.junit.runners.ParentRunner.run(ParentRunner.java:300)&#13;
	at org.eclipse.jdt.internal.junit4.runner.JUnit4TestReference.run(JUnit4TestReference.java:50)&#13;
	at org.eclipse.jdt.internal.junit.runner.TestExecution.run(TestExecution.java:38)&#13;
	at org.eclipse.jdt.internal.junit.runner.RemoteTestRunner.runTests(RemoteTestRunner.java:467)&#13;
	at org.eclipse.jdt.internal.junit.runner.RemoteTestRunner.runTests(RemoteTestRunner.java:683)&#13;
	at org.eclipse.jdt.internal.junit.runner.RemoteTestRunner.run(RemoteTestRunner.java:390)&#13;
	at org.eclipse.jdt.internal.junit.runner.RemoteTestRunner.main(RemoteTestRunner.java:197)&#13;
Caused by: org.openqa.selenium.remote.ErrorHandler$UnknownServerException: Window not found. The browser window may have been closed.
Build info: version: '2.37.0', revision: 'a7c61cb', time: '2013-10-18 17:15:02'
System info: host: 'Tester1', ip: '192.168.1.42', os.name: 'Windows 7', os.arch: 'amd64', os.version: '6.1', java.version: '1.7.0_21'
Driver info: driver.version: unknown&#13;
	at &lt;anonymous class&gt;.nsCommandProcessor.prototype.execute(file:///C:/Users/ZHUMAG~1/AppData/Local/Temp/anonymous7669841453582577811webdriver-profile/extensions/fxdriver@googlecode.com/components/command_processor.js:10917)&#13;
	at &lt;anonymous class&gt;.Dispatcher.executeAs/&lt;(file:///C:/Users/ZHUMAG~1/AppData/Local/Temp/anonymous7669841453582577811webdriver-profile/extensions/fxdriver@googlecode.com/components/driver_component.js:7722)&#13;
	at &lt;anonymous class&gt;.Resource.prototype.handle(file:///C:/Users/ZHUMAG~1/AppData/Local/Temp/anonymous7669841453582577811webdriver-profile/extensions/fxdriver@googlecode.com/components/driver_component.js:7868)&#13;
	at &lt;anonymous class&gt;.Dispatcher.prototype.dispatch(file:///C:/Users/ZHUMAG~1/AppData/Local/Temp/anonymous7669841453582577811webdriver-profile/extensions/fxdriver@googlecode.com/components/driver_component.js:7815)&#13;
	at &lt;anonymous class&gt;.WebDriverServer/&lt;.handle(file:///C:/Users/ZHUMAG~1/AppData/Local/Temp/anonymous7669841453582577811webdriver-profile/extensions/fxdriver@googlecode.com/components/driver_component.js:10706)&#13;
	at &lt;anonymous class&gt;.createHandlerFunc/&lt;(file:///C:/Users/ZHUMAG~1/AppData/Local/Temp/anonymous7669841453582577811webdriver-profile/extensions/fxdriver@googlecode.com/components/httpd.js:1935)&#13;
	at &lt;anonymous class&gt;.ServerHandler.prototype.handleResponse(file:///C:/Users/ZHUMAG~1/AppData/Local/Temp/anonymous7669841453582577811webdriver-profile/extensions/fxdriver@googlecode.com/components/httpd.js:2261)&#13;
	at &lt;anonymous class&gt;.Connection.prototype.process(file:///C:/Users/ZHUMAG~1/AppData/Local/Temp/anonymous7669841453582577811webdriver-profile/extensions/fxdriver@googlecode.com/components/httpd.js:1168)&#13;
	at &lt;anonymous class&gt;.RequestReader.prototype._handleResponse(file:///C:/Users/ZHUMAG~1/AppData/Local/Temp/anonymous7669841453582577811webdriver-profile/extensions/fxdriver@googlecode.com/components/httpd.js:1616)&#13;
	at &lt;anonymous class&gt;.RequestReader.prototype._processBody(file:///C:/Users/ZHUMAG~1/AppData/Local/Temp/anonymous7669841453582577811webdriver-profile/extensions/fxdriver@googlecode.com/components/httpd.js:1464)&#13;
	at &lt;anonymous class&gt;.RequestReader.prototype.onInputStreamReady(file:///C:/Users/ZHUMAG~1/AppData/Local/Temp/anonymous7669841453582577811webdriver-profile/extensions/fxdriver@googlecode.com/components/httpd.js:1333)&#13;
&#13;
</error>
    </testcase>
  </testsuite>
</testrun>
